2026-03-10 01:19:22,774 hawp INFO: Namespace(config='configs/enhanced_plnet_crossattn.yaml', logdir='output/experiments', resume=None, clean=False, seed=42, tf32=False, dtm=True)
2026-03-10 01:19:22,774 hawp INFO: Loaded configuration file configs/enhanced_plnet_crossattn.yaml
2026-03-10 01:19:22,775 hawp INFO: 
DATALOADER:
  NUM_WORKERS: 0
DATASETS:
  DISTANCE_TH: 0.02
  IMAGE:
    HEIGHT: 512
    PIXEL_MEAN:
    - 109.73
    - 103.832
    - 98.681
    PIXEL_STD:
    - 22.275
    - 22.124
    - 23.229
    TO_255: true
    WIDTH: 512
  NUM_STATIC_NEGATIVE_LINES: 40
  NUM_STATIC_POSITIVE_LINES: 300
  AUGMENTATION: 5
  TARGET:
    HEIGHT: 128
    WIDTH: 128
  TEST:
  - wireframe_test
  TRAIN:
  - wireframe_train
  VAL:
  - wireframe_test
ENCODER:
  ANG_TH: 0.0
  BACKGROUND_WEIGHT: 0.0
  DIS_TH: 2
  NUM_STATIC_NEG_LINES: 0
  NUM_STATIC_POS_LINES: 300
MODEL:
  DEVICE: cuda
  FOCAL_LOSS:
    ALPHA: -1.0
    GAMMA: 0.0
  HEAD_SIZE:
  - - 3
  - - 1
  - - 1
  - - 2
  - - 2
  HGNETS:
    DEPTH: 4
    INPLANES: 64
    NUM_BLOCKS: 2
    NUM_FEATS: 128
    NUM_STACKS: 2
  ENHANCEMENTS:
    USE_BIFPN: false
    BIFPN_CHANNELS: 128
    BIFPN_REPEATS: 2
    USE_DCN: false
    DCN_BOTTLENECK_ONLY: true
    USE_CROSS_ATTENTION: true
    CROSS_ATTN_HEADS: 4
    CROSS_ATTN_DIM: 256
    CROSS_ATTN_DROPOUT: 0.1
    USE_LINE_FIELD: false
    LINE_FIELD_HIDDEN: 128
    UNFREEZE_BACKBONE: false
  LOI_POOLING:
    ACTIVATION: relu
    DIM_EDGE_FEATURE: 4
    DIM_FC: 128
    DIM_JUNCTION_FEATURE: 128
    LAYER_NORM: false
    NUM_POINTS: 32
    TYPE: softmax
  LOSS_WEIGHTS:
    loss_aux: 1.0
    loss_dis: 1.0
    loss_jloc: 8.0
    loss_joff: 0.25
    loss_res: 1.0
    loss_md: 1.0
    loss_lineness: 1.0
    loss_neg: 1.0
    loss_pos: 1.0
  NAME: EnhancedPointLine
  OUT_FEATURE_CHANNELS: 256
  PARSING_HEAD:
    DIM_FC: 1024
    DIM_LOI: 128
    J2L_THRESHOLD: 10.0
    JMATCH_THRESHOLD: 1.5
    JUNCTION_HM_THRESHOLD: 0.008
    MATCHING_STRATEGY: junction
    MAX_DISTANCE: 5.0
    N_DYN_JUNC: 300
    N_DYN_NEGL: 40
    N_DYN_OTHR: 0
    N_DYN_OTHR2: 300
    N_DYN_POSL: 300
    N_OUT_JUNC: 250
    N_OUT_LINE: 2500
    N_PTS0: 32
    N_PTS1: 8
    N_STC_NEGL: 40
    N_STC_POSL: 300
    USE_RESIDUAL: 1
  RESNETS:
    BASENET: resnet50
    PRETRAIN: true
  SCALE: 1.0
  WEIGHTS: ''
MODELING_PATH: ihawp-v2
OUTPUT_DIR: output/ihawp
SOLVER:
  AMSGRAD: true
  BACKBONE_LR_FACTOR: 1.0
  BASE_LR: 0.0004
  BIAS_LR_FACTOR: 1
  CHECKPOINT_PERIOD: 1
  GAMMA: 0.2
  IMS_PER_BATCH: 6
  MAX_EPOCH: 40
  MOMENTUM: 0.9
  OPTIMIZER: ADAM
  STEPS:
  - 35
  WEIGHT_DECAY: 0.0001
  WEIGHT_DECAY_BIAS: 0

2026-03-10 01:19:22,777 hawp INFO: Running with config:
DATALOADER:
  NUM_WORKERS: 0
DATASETS:
  AUGMENTATION: 5
  DISTANCE_TH: 0.02
  IMAGE:
    HEIGHT: 512
    PIXEL_MEAN: [109.73, 103.832, 98.681]
    PIXEL_STD: [22.275, 22.124, 23.229]
    TO_255: True
    WIDTH: 512
  NUM_STATIC_NEGATIVE_LINES: 40
  NUM_STATIC_POSITIVE_LINES: 300
  TARGET:
    HEIGHT: 128
    WIDTH: 128
  TEST: ('wireframe_test',)
  TRAIN: ('wireframe_train',)
  VAL: ('wireframe_test',)
ENCODER:
  ANG_TH: 0.0
  BACKGROUND_WEIGHT: 0.0
  DIS_TH: 2
  NUM_STATIC_NEG_LINES: 0
  NUM_STATIC_POS_LINES: 300
MODEL:
  DEVICE: cuda
  ENHANCEMENTS:
    BIFPN_CHANNELS: 128
    BIFPN_REPEATS: 2
    CROSS_ATTN_DIM: 256
    CROSS_ATTN_DROPOUT: 0.1
    CROSS_ATTN_HEADS: 4
    DCN_BOTTLENECK_ONLY: True
    LINE_FIELD_HIDDEN: 128
    UNFREEZE_BACKBONE: False
    USE_BIFPN: False
    USE_CROSS_ATTENTION: True
    USE_DCN: False
    USE_LINE_FIELD: False
  FOCAL_LOSS:
    ALPHA: -1.0
    GAMMA: 0.0
  HEAD_SIZE: [[3], [1], [1], [2], [2]]
  HGNETS:
    DEPTH: 4
    INPLANES: 64
    NUM_BLOCKS: 2
    NUM_FEATS: 128
    NUM_STACKS: 2
  LOI_POOLING:
    ACTIVATION: relu
    DIM_EDGE_FEATURE: 4
    DIM_FC: 128
    DIM_JUNCTION_FEATURE: 128
    LAYER_NORM: False
    NUM_POINTS: 32
    TYPE: softmax
    USE_INIT_LINES: True
  LOSS_WEIGHTS:
    loss_aux: 1.0
    loss_dis: 1.0
    loss_jloc: 8.0
    loss_joff: 0.25
    loss_lineness: 1.0
    loss_md: 1.0
    loss_neg: 1.0
    loss_pos: 1.0
    loss_res: 1.0
  NAME: EnhancedPointLine
  OUT_FEATURE_CHANNELS: 256
  PARSING_HEAD:
    DIM_FC: 1024
    DIM_LOI: 128
    J2L_THRESHOLD: 10.0
    JMATCH_THRESHOLD: 1.5
    JUNCTION_HM_THRESHOLD: 0.008
    MATCHING_STRATEGY: junction
    MAX_DISTANCE: 5.0
    N_DYN_JUNC: 300
    N_DYN_NEGL: 40
    N_DYN_OTHR: 0
    N_DYN_OTHR2: 300
    N_DYN_POSL: 300
    N_OUT_JUNC: 250
    N_OUT_LINE: 2500
    N_PTS0: 32
    N_PTS1: 8
    N_STC_NEGL: 40
    N_STC_POSL: 300
    USE_RESIDUAL: 1
  RESNETS:
    BASENET: resnet50
    PRETRAIN: True
  SCALE: 1.0
  USE_HR_JUNCTION: False
  USE_LINE_HEATMAP: False
  WEIGHTS: 
MODELING_PATH: ihawp-v2
OUTPUT_DIR: output/experiments\enhanced_plnet_crossattn\260310-011922
SOLVER:
  AMSGRAD: True
  BACKBONE_LR_FACTOR: 1.0
  BASE_LR: 0.0004
  BIAS_LR_FACTOR: 1
  CHECKPOINT_PERIOD: 1
  GAMMA: 0.2
  IMS_PER_BATCH: 6
  MAX_EPOCH: 40
  MOMENTUM: 0.9
  OPTIMIZER: ADAM
  STEPS: (35,)
  WEIGHT_DECAY: 0.0001
  WEIGHT_DECAY_BIAS: 0
2026-03-10 01:19:22,778 hawp INFO: Saving config into: output/experiments\enhanced_plnet_crossattn\260310-011922\config.yaml
2026-03-10 01:19:28,266 hawp INFO: epoch size = 4167
2026-03-10 01:19:52,411 hawp.trainer INFO: eta: 46 days, 12:14:13 epoch: 1 iter: 0 lr: 0.000400 max mem: 8998
RUNTIME: data: 0.5436 (0.5436) time: 24.1089 (24.1089)
LOSSES: loss: 14.7822 (14.7822) loss_aux: 0.0126 (0.0126) loss_dis: 0.4923 (0.4923) loss_jloc: 1.3580 (1.3580) loss_joff: 0.5332 (0.5332) loss_line_af: 0.0000 (0.0000) loss_line_df: 0.0000 (0.0000) loss_lineness: 0.6207 (0.6207) loss_md: 0.7362 (0.7362) loss_neg: 0.5515 (0.5515) loss_pos: 0.8611 (0.8611) loss_res: 0.5106 (0.5106)
AUXINFO: recall_adjust-05: 0.0000 (0.0000) recall_adjust-10: 0.0074 (0.0074) recall_adjust-15: 0.0120 (0.0120) recall_hafm-05: 0.0439 (0.0439) recall_hafm-10: 0.0863 (0.0863) recall_hafm-15: 0.1256 (0.1256)
WorkingDIR: output/experiments\enhanced_plnet_crossattn\260310-011922

2026-03-10 01:37:27,710 hawp.trainer INFO: eta: 99 days, 3:30:22 epoch: 1 iter: 20 lr: 0.000400 max mem: 9597
RUNTIME: data: 0.6960 (0.7992) time: 69.8498 (51.3997)
LOSSES: loss: 2.5706 (4.0046) loss_aux: 0.0422 (0.0364) loss_dis: 0.4823 (0.4899) loss_jloc: 0.0768 (0.2080) loss_joff: 0.5051 (0.5055) loss_line_af: 0.0000 (0.0000) loss_line_df: 0.0000 (0.0000) loss_lineness: 0.1173 (0.2546) loss_md: 0.2703 (0.3291) loss_neg: 0.3726 (0.4508) loss_pos: 0.2624 (0.3654) loss_res: 0.2652 (0.2876)
AUXINFO: recall_adjust-05: 0.0052 (0.0060) recall_adjust-10: 0.0109 (0.0135) recall_adjust-15: 0.0177 (0.0199) recall_hafm-05: 0.1443 (0.1442) recall_hafm-10: 0.2361 (0.2215) recall_hafm-15: 0.2938 (0.2754)
WorkingDIR: output/experiments\enhanced_plnet_crossattn\260310-011922

2026-03-10 02:00:52,124 hawp.trainer INFO: eta: 116 days, 20:12:31 epoch: 1 iter: 40 lr: 0.000400 max mem: 9671
RUNTIME: data: 1.0232 (0.9193) time: 70.2621 (60.5810)
LOSSES: loss: 2.3590 (3.2188) loss_aux: 0.0333 (0.0365) loss_dis: 0.4705 (0.4798) loss_jloc: 0.0682 (0.1404) loss_joff: 0.5024 (0.5039) loss_line_af: 0.0000 (0.0000) loss_line_df: 0.0000 (0.0000) loss_lineness: 0.0310 (0.1464) loss_md: 0.2666 (0.2990) loss_neg: 0.3879 (0.4170) loss_pos: 0.2537 (0.3234) loss_res: 0.2468 (0.2677)
AUXINFO: recall_adjust-05: 0.0029 (0.0050) recall_adjust-10: 0.0100 (0.0126) recall_adjust-15: 0.0183 (0.0206) recall_hafm-05: 0.1355 (0.1368) recall_hafm-10: 0.2084 (0.2124) recall_hafm-15: 0.2584 (0.2656)
WorkingDIR: output/experiments\enhanced_plnet_crossattn\260310-011922

2026-03-10 02:24:17,745 hawp.trainer INFO: eta: 122 days, 23:04:10 epoch: 1 iter: 60 lr: 0.000400 max mem: 9671
RUNTIME: data: 1.1037 (0.9854) time: 70.4907 (63.7613)
LOSSES: loss: 2.3151 (2.9138) loss_aux: 0.0331 (0.0361) loss_dis: 0.4559 (0.4719) loss_jloc: 0.0691 (0.1167) loss_joff: 0.4958 (0.5011) loss_line_af: 0.0000 (0.0000) loss_line_df: 0.0000 (0.0000) loss_lineness: 0.0361 (0.1098) loss_md: 0.2592 (0.2857) loss_neg: 0.2594 (0.3776) loss_pos: 0.2230 (0.3141) loss_res: 0.2444 (0.2600)
AUXINFO: recall_adjust-05: 0.0048 (0.0058) recall_adjust-10: 0.0170 (0.0153) recall_adjust-15: 0.0270 (0.0241) recall_hafm-05: 0.1572 (0.1452) recall_hafm-10: 0.2376 (0.2226) recall_hafm-15: 0.3057 (0.2763)
WorkingDIR: output/experiments\enhanced_plnet_crossattn\260310-011922

2026-03-10 02:47:51,184 hawp.trainer INFO: eta: 126 days, 5:40:48 epoch: 1 iter: 80 lr: 0.000400 max mem: 9675
RUNTIME: data: 1.0754 (1.0114) time: 70.7345 (65.4677)
LOSSES: loss: 2.2624 (2.7580) loss_aux: 0.0332 (0.0353) loss_dis: 0.4459 (0.4655) loss_jloc: 0.0689 (0.1048) loss_joff: 0.4896 (0.4973) loss_line_af: 0.0000 (0.0000) loss_line_df: 0.0000 (0.0000) loss_lineness: 0.0380 (0.0922) loss_md: 0.2557 (0.2782) loss_neg: 0.3676 (0.3783) loss_pos: 0.1596 (0.2908) loss_res: 0.2416 (0.2553)
AUXINFO: recall_adjust-05: 0.0085 (0.0069) recall_adjust-10: 0.0194 (0.0177) recall_adjust-15: 0.0326 (0.0278) recall_hafm-05: 0.1899 (0.1546) recall_hafm-10: 0.2768 (0.2387) recall_hafm-15: 0.3323 (0.2920)
WorkingDIR: output/experiments\enhanced_plnet_crossattn\260310-011922

2026-03-10 03:11:24,367 hawp.trainer INFO: eta: 128 days, 4:53:03 epoch: 1 iter: 100 lr: 0.000400 max mem: 9736
RUNTIME: data: 1.0398 (1.0208) time: 70.7913 (66.4957)
LOSSES: loss: 2.4194 (2.7040) loss_aux: 0.0266 (0.0338) loss_dis: 0.4296 (0.4585) loss_jloc: 0.0624 (0.0965) loss_joff: 0.4796 (0.4942) loss_line_af: 0.0000 (0.0000) loss_line_df: 0.0000 (0.0000) loss_lineness: 0.0354 (0.0812) loss_md: 0.2443 (0.2718) loss_neg: 0.4752 (0.3949) loss_pos: 0.3723 (0.3169) loss_res: 0.2326 (0.2510)
AUXINFO: recall_adjust-05: 0.0377 (0.0178) recall_adjust-10: 0.0660 (0.0356) recall_adjust-15: 0.0990 (0.0504) recall_hafm-05: 0.2092 (0.1669) recall_hafm-10: 0.3262 (0.2616) recall_hafm-15: 0.3975 (0.3210)
WorkingDIR: output/experiments\enhanced_plnet_crossattn\260310-011922

2026-03-10 03:35:10,546 hawp.trainer INFO: eta: 129 days, 17:19:25 epoch: 1 iter: 120 lr: 0.000400 max mem: 9796
RUNTIME: data: 1.1118 (1.0348) time: 71.2150 (67.2913)
LOSSES: loss: 2.4860 (2.6701) loss_aux: 0.0283 (0.0330) loss_dis: 0.4023 (0.4495) loss_jloc: 0.0645 (0.0914) loss_joff: 0.4793 (0.4917) loss_line_af: 0.0000 (0.0000) loss_line_df: 0.0000 (0.0000) loss_lineness: 0.0414 (0.0747) loss_md: 0.2409 (0.2667) loss_neg: 0.4147 (0.4043) loss_pos: 0.4459 (0.3412) loss_res: 0.2250 (0.2468)
AUXINFO: recall_adjust-05: 0.1847 (0.0465) recall_adjust-10: 0.2815 (0.0777) recall_adjust-15: 0.3338 (0.1007) recall_hafm-05: 0.3319 (0.1948) recall_hafm-10: 0.5787 (0.3143) recall_hafm-15: 0.6894 (0.3839)
WorkingDIR: output/experiments\enhanced_plnet_crossattn\260310-011922

2026-03-10 03:58:47,344 hawp.trainer INFO: eta: 130 days, 16:14:08 epoch: 1 iter: 140 lr: 0.000400 max mem: 9818
RUNTIME: data: 1.0690 (1.0396) time: 70.8414 (67.7946)
LOSSES: loss: 2.2637 (2.6354) loss_aux: 0.0305 (0.0330) loss_dis: 0.4346 (0.4483) loss_jloc: 0.0661 (0.0885) loss_joff: 0.4944 (0.4924) loss_line_af: 0.0000 (0.0000) loss_line_df: 0.0000 (0.0000) loss_lineness: 0.0343 (0.0690) loss_md: 0.2566 (0.2656) loss_neg: 0.2793 (0.4021) loss_pos: 0.2973 (0.3403) loss_res: 0.2399 (0.2461)
AUXINFO: recall_adjust-05: 0.0387 (0.0530) recall_adjust-10: 0.0756 (0.0870) recall_adjust-15: 0.1001 (0.1122) recall_hafm-05: 0.2477 (0.2042) recall_hafm-10: 0.4747 (0.3350) recall_hafm-15: 0.5856 (0.4106)
WorkingDIR: output/experiments\enhanced_plnet_crossattn\260310-011922

2026-03-10 04:22:15,668 hawp.trainer INFO: eta: 131 days, 6:55:19 epoch: 1 iter: 160 lr: 0.000400 max mem: 9818
RUNTIME: data: 1.0633 (1.0435) time: 70.3419 (68.1203)
LOSSES: loss: 2.8345 (2.6619) loss_aux: 0.0340 (0.0334) loss_dis: 0.4861 (0.4530) loss_jloc: 0.0878 (0.0883) loss_joff: 0.5119 (0.4953) loss_line_af: 0.0000 (0.0000) loss_line_df: 0.0000 (0.0000) loss_lineness: 0.0354 (0.0651) loss_md: 0.2745 (0.2666) loss_neg: 0.5531 (0.4170) loss_pos: 0.4102 (0.3499) loss_res: 0.2505 (0.2469)
AUXINFO: recall_adjust-05: 0.0041 (0.0471) recall_adjust-10: 0.0152 (0.0782) recall_adjust-15: 0.0299 (0.1020) recall_hafm-05: 0.1749 (0.2013) recall_hafm-10: 0.2814 (0.3287) recall_hafm-15: 0.3537 (0.4020)
WorkingDIR: output/experiments\enhanced_plnet_crossattn\260310-011922

2026-03-10 04:45:35,342 hawp.trainer INFO: eta: 131 days, 16:04:00 epoch: 1 iter: 180 lr: 0.000400 max mem: 9818
RUNTIME: data: 0.9992 (1.0440) time: 69.8836 (68.3262)
LOSSES: loss: 2.5068 (2.6473) loss_aux: 0.0316 (0.0335) loss_dis: 0.4837 (0.4563) loss_jloc: 0.0795 (0.0875) loss_joff: 0.5087 (0.4966) loss_line_af: 0.0000 (0.0000) loss_line_df: 0.0000 (0.0000) loss_lineness: 0.0386 (0.0625) loss_md: 0.2716 (0.2672) loss_neg: 0.3265 (0.4127) loss_pos: 0.2564 (0.3437) loss_res: 0.2520 (0.2474)
AUXINFO: recall_adjust-05: 0.0053 (0.0425) recall_adjust-10: 0.0120 (0.0711) recall_adjust-15: 0.0236 (0.0935) recall_hafm-05: 0.1740 (0.1993) recall_hafm-10: 0.2712 (0.3233) recall_hafm-15: 0.3218 (0.3944)
WorkingDIR: output/experiments\enhanced_plnet_crossattn\260310-011922

2026-03-10 05:09:03,222 hawp.trainer INFO: eta: 132 days, 1:12:08 epoch: 1 iter: 200 lr: 0.000400 max mem: 9818
RUNTIME: data: 1.0310 (1.0450) time: 70.5396 (68.5319)
LOSSES: loss: 2.2309 (2.6133) loss_aux: 0.0361 (0.0340) loss_dis: 0.4864 (0.4593) loss_jloc: 0.0770 (0.0865) loss_joff: 0.5397 (0.5008) loss_line_af: 0.0000 (0.0000) loss_line_df: 0.0000 (0.0000) loss_lineness: 0.0310 (0.0596) loss_md: 0.2677 (0.2673) loss_neg: 0.2255 (0.3995) loss_pos: 0.1508 (0.3281) loss_res: 0.2547 (0.2481)
AUXINFO: recall_adjust-05: 0.0036 (0.0386) recall_adjust-10: 0.0106 (0.0651) recall_adjust-15: 0.0222 (0.0864) recall_hafm-05: 0.1586 (0.1959) recall_hafm-10: 0.2486 (0.3173) recall_hafm-15: 0.3216 (0.3870)
WorkingDIR: output/experiments\enhanced_plnet_crossattn\260310-011922

2026-03-10 05:32:39,652 hawp.trainer INFO: eta: 132 days, 10:24:08 epoch: 1 iter: 220 lr: 0.000400 max mem: 9818
RUNTIME: data: 1.0514 (1.0470) time: 70.8802 (68.7391)
LOSSES: loss: 2.3259 (2.5942) loss_aux: 0.0310 (0.0338) loss_dis: 0.4852 (0.4617) loss_jloc: 0.0736 (0.0854) loss_joff: 0.5357 (0.5038) loss_line_af: 0.0000 (0.0000) loss_line_df: 0.0000 (0.0000) loss_lineness: 0.0292 (0.0568) loss_md: 0.2697 (0.2676) loss_neg: 0.3074 (0.3955) loss_pos: 0.2024 (0.3211) loss_res: 0.2490 (0.2482)
AUXINFO: recall_adjust-05: 0.0026 (0.0355) recall_adjust-10: 0.0091 (0.0602) recall_adjust-15: 0.0191 (0.0805) recall_hafm-05: 0.1172 (0.1896) recall_hafm-10: 0.2393 (0.3092) recall_hafm-15: 0.2937 (0.3778)
WorkingDIR: output/experiments\enhanced_plnet_crossattn\260310-011922

2026-03-10 05:56:19,673 hawp.trainer INFO: eta: 132 days, 18:41:55 epoch: 1 iter: 240 lr: 0.000400 max mem: 9818
RUNTIME: data: 1.0783 (1.0506) time: 71.1742 (68.9268)
LOSSES: loss: 2.3825 (2.5804) loss_aux: 0.0308 (0.0337) loss_dis: 0.4837 (0.4636) loss_jloc: 0.0752 (0.0849) loss_joff: 0.5236 (0.5056) loss_line_af: 0.0000 (0.0000) loss_line_df: 0.0000 (0.0000) loss_lineness: 0.0351 (0.0552) loss_md: 0.2675 (0.2676) loss_neg: 0.2890 (0.3915) loss_pos: 0.2220 (0.3145) loss_res: 0.2487 (0.2483)
AUXINFO: recall_adjust-05: 0.0051 (0.0330) recall_adjust-10: 0.0145 (0.0565) recall_adjust-15: 0.0275 (0.0762) recall_hafm-05: 0.1679 (0.1877) recall_hafm-10: 0.2581 (0.3061) recall_hafm-15: 0.3228 (0.3740)
WorkingDIR: output/experiments\enhanced_plnet_crossattn\260310-011922

2026-03-10 06:19:53,988 hawp.trainer INFO: eta: 133 days, 0:39:09 epoch: 1 iter: 260 lr: 0.000400 max mem: 9818
RUNTIME: data: 1.1009 (1.0550) time: 70.7649 (69.0639)
LOSSES: loss: 2.2438 (2.5576) loss_aux: 0.0301 (0.0336) loss_dis: 0.4840 (0.4651) loss_jloc: 0.0740 (0.0843) loss_joff: 0.5108 (0.5061) loss_line_af: 0.0000 (0.0000) loss_line_df: 0.0000 (0.0000) loss_lineness: 0.0400 (0.0541) loss_md: 0.2630 (0.2673) loss_neg: 0.2349 (0.3808) loss_pos: 0.1866 (0.3073) loss_res: 0.2475 (0.2483)
AUXINFO: recall_adjust-05: 0.0069 (0.0310) recall_adjust-10: 0.0145 (0.0535) recall_adjust-15: 0.0270 (0.0726) recall_hafm-05: 0.2105 (0.1889) recall_hafm-10: 0.2841 (0.3052) recall_hafm-15: 0.3341 (0.3714)
WorkingDIR: output/experiments\enhanced_plnet_crossattn\260310-011922

2026-03-10 06:43:26,506 hawp.trainer INFO: eta: 133 days, 5:24:27 epoch: 1 iter: 280 lr: 0.000400 max mem: 9818
RUNTIME: data: 0.9859 (1.0523) time: 70.6415 (69.1751)
LOSSES: loss: 2.2025 (2.5540) loss_aux: 0.0321 (0.0335) loss_dis: 0.4855 (0.4666) loss_jloc: 0.0721 (0.0834) loss_joff: 0.5535 (0.5092) loss_line_af: 0.0000 (0.0000) loss_line_df: 0.0000 (0.0000) loss_lineness: 0.0347 (0.0528) loss_md: 0.2609 (0.2671) loss_neg: 0.1791 (0.3872) loss_pos: 0.0804 (0.3037) loss_res: 0.2487 (0.2484)
AUXINFO: recall_adjust-05: 0.0046 (0.0291) recall_adjust-10: 0.0105 (0.0505) recall_adjust-15: 0.0211 (0.0689) recall_hafm-05: 0.1741 (0.1880) recall_hafm-10: 0.2658 (0.3022) recall_hafm-15: 0.3085 (0.3673)
WorkingDIR: output/experiments\enhanced_plnet_crossattn\260310-011922

2026-03-10 07:06:54,154 hawp.trainer INFO: eta: 133 days, 8:43:50 epoch: 1 iter: 300 lr: 0.000400 max mem: 9818
RUNTIME: data: 1.0848 (1.0547) time: 70.3343 (69.2553)
LOSSES: loss: 2.5182 (2.5511) loss_aux: 0.0297 (0.0334) loss_dis: 0.4843 (0.4677) loss_jloc: 0.0704 (0.0829) loss_joff: 0.5245 (0.5104) loss_line_af: 0.0000 (0.0000) loss_line_df: 0.0000 (0.0000) loss_lineness: 0.0366 (0.0520) loss_md: 0.2612 (0.2668) loss_neg: 0.3365 (0.3873) loss_pos: 0.2654 (0.3043) loss_res: 0.2466 (0.2483)
AUXINFO: recall_adjust-05: 0.0033 (0.0275) recall_adjust-10: 0.0142 (0.0481) recall_adjust-15: 0.0257 (0.0661) recall_hafm-05: 0.1818 (0.1877) recall_hafm-10: 0.2597 (0.2999) recall_hafm-15: 0.3064 (0.3641)
WorkingDIR: output/experiments\enhanced_plnet_crossattn\260310-011922

2026-03-10 07:30:16,484 hawp.trainer INFO: eta: 133 days, 10:49:32 epoch: 1 iter: 320 lr: 0.000400 max mem: 9818
RUNTIME: data: 0.9224 (1.0377) time: 70.2636 (69.3090)
LOSSES: loss: 2.2102 (2.5297) loss_aux: 0.0281 (0.0332) loss_dis: 0.4835 (0.4686) loss_jloc: 0.0747 (0.0824) loss_joff: 0.5090 (0.5103) loss_line_af: 0.0000 (0.0000) loss_line_df: 0.0000 (0.0000) loss_lineness: 0.0350 (0.0512) loss_md: 0.2606 (0.2664) loss_neg: 0.2220 (0.3770) loss_pos: 0.1623 (0.2983) loss_res: 0.2463 (0.2482)
AUXINFO: recall_adjust-05: 0.0047 (0.0261) recall_adjust-10: 0.0153 (0.0461) recall_adjust-15: 0.0279 (0.0635) recall_hafm-05: 0.1734 (0.1867) recall_hafm-10: 0.2562 (0.2974) recall_hafm-15: 0.2957 (0.3607)
WorkingDIR: output/experiments\enhanced_plnet_crossattn\260310-011922

2026-03-10 07:53:24,154 hawp.trainer INFO: eta: 133 days, 10:38:33 epoch: 1 iter: 340 lr: 0.000400 max mem: 9818
RUNTIME: data: 0.5119 (1.0077) time: 69.2808 (69.3133)
LOSSES: loss: 1.9864 (2.4985) loss_aux: 0.0296 (0.0330) loss_dis: 0.4840 (0.4695) loss_jloc: 0.0712 (0.0817) loss_joff: 0.5275 (0.5112) loss_line_af: 0.0000 (0.0000) loss_line_df: 0.0000 (0.0000) loss_lineness: 0.0344 (0.0504) loss_md: 0.2624 (0.2662) loss_neg: 0.0978 (0.3627) loss_pos: 0.1115 (0.2869) loss_res: 0.2488 (0.2483)
AUXINFO: recall_adjust-05: 0.0030 (0.0248) recall_adjust-10: 0.0106 (0.0441) recall_adjust-15: 0.0141 (0.0610) recall_hafm-05: 0.1882 (0.1867) recall_hafm-10: 0.2817 (0.2963) recall_hafm-15: 0.3292 (0.3585)
WorkingDIR: output/experiments\enhanced_plnet_crossattn\260310-011922

2026-03-10 08:16:28,300 hawp.trainer INFO: eta: 133 days, 9:59:09 epoch: 1 iter: 360 lr: 0.000400 max mem: 9818
RUNTIME: data: 0.5054 (0.9809) time: 69.2123 (69.3075)
LOSSES: loss: 2.6133 (2.5052) loss_aux: 0.0318 (0.0330) loss_dis: 0.4835 (0.4703) loss_jloc: 0.0740 (0.0813) loss_joff: 0.5366 (0.5127) loss_line_af: 0.0000 (0.0000) loss_line_df: 0.0000 (0.0000) loss_lineness: 0.0390 (0.0499) loss_md: 0.2633 (0.2661) loss_neg: 0.4523 (0.3685) loss_pos: 0.3185 (0.2904) loss_res: 0.2494 (0.2484)
AUXINFO: recall_adjust-05: 0.0055 (0.0237) recall_adjust-10: 0.0129 (0.0426) recall_adjust-15: 0.0209 (0.0591) recall_hafm-05: 0.1789 (0.1866) recall_hafm-10: 0.2651 (0.2947) recall_hafm-15: 0.3208 (0.3566)
WorkingDIR: output/experiments\enhanced_plnet_crossattn\260310-011922

2026-03-10 08:39:31,335 hawp.trainer INFO: eta: 133 days, 9:13:23 epoch: 1 iter: 380 lr: 0.000400 max mem: 9818
RUNTIME: data: 0.5177 (0.9572) time: 69.2801 (69.2993)
LOSSES: loss: 2.3482 (2.4957) loss_aux: 0.0284 (0.0329) loss_dis: 0.4820 (0.4710) loss_jloc: 0.0691 (0.0808) loss_joff: 0.5455 (0.5144) loss_line_af: 0.0000 (0.0000) loss_line_df: 0.0000 (0.0000) loss_lineness: 0.0351 (0.0493) loss_md: 0.2678 (0.2661) loss_neg: 0.3261 (0.3669) loss_pos: 0.1805 (0.2863) loss_res: 0.2506 (0.2485)
AUXINFO: recall_adjust-05: 0.0036 (0.0227) recall_adjust-10: 0.0105 (0.0410) recall_adjust-15: 0.0199 (0.0572) recall_hafm-05: 0.1655 (0.1861) recall_hafm-10: 0.2652 (0.2934) recall_hafm-15: 0.3214 (0.3548)
WorkingDIR: output/experiments\enhanced_plnet_crossattn\260310-011922

2026-03-10 09:02:31,863 hawp.trainer INFO: eta: 133 days, 8:12:34 epoch: 1 iter: 400 lr: 0.000400 max mem: 9818
RUNTIME: data: 0.5152 (0.9359) time: 69.0335 (69.2857)
LOSSES: loss: 2.1689 (2.4813) loss_aux: 0.0305 (0.0328) loss_dis: 0.4833 (0.4716) loss_jloc: 0.0686 (0.0803) loss_joff: 0.5487 (0.5162) loss_line_af: 0.0000 (0.0000) loss_line_df: 0.0000 (0.0000) loss_lineness: 0.0369 (0.0487) loss_md: 0.2608 (0.2659) loss_neg: 0.2233 (0.3608) loss_pos: 0.1778 (0.2816) loss_res: 0.2477 (0.2485)
AUXINFO: recall_adjust-05: 0.0031 (0.0218) recall_adjust-10: 0.0104 (0.0395) recall_adjust-15: 0.0202 (0.0553) recall_hafm-05: 0.1801 (0.1858) recall_hafm-10: 0.2660 (0.2923) recall_hafm-15: 0.3089 (0.3530)
WorkingDIR: output/experiments\enhanced_plnet_crossattn\260310-011922

2026-03-10 09:25:40,677 hawp.trainer INFO: eta: 133 days, 8:09:53 epoch: 1 iter: 420 lr: 0.000400 max mem: 9818
RUNTIME: data: 0.5195 (0.9173) time: 69.6876 (69.2931)
LOSSES: loss: 2.3354 (2.4732) loss_aux: 0.0302 (0.0327) loss_dis: 0.4844 (0.4722) loss_jloc: 0.0716 (0.0800) loss_joff: 0.5562 (0.5182) loss_line_af: 0.0000 (0.0000) loss_line_df: 0.0000 (0.0000) loss_lineness: 0.0354 (0.0481) loss_md: 0.2657 (0.2659) loss_neg: 0.2548 (0.3586) loss_pos: 0.1416 (0.2778) loss_res: 0.2506 (0.2486)
AUXINFO: recall_adjust-05: 0.0041 (0.0210) recall_adjust-10: 0.0106 (0.0382) recall_adjust-15: 0.0201 (0.0536) recall_hafm-05: 0.1599 (0.1850) recall_hafm-10: 0.2519 (0.2907) recall_hafm-15: 0.3116 (0.3513)
WorkingDIR: output/experiments\enhanced_plnet_crossattn\260310-011922

2026-03-10 09:48:49,026 hawp.trainer INFO: eta: 133 days, 8:02:25 epoch: 1 iter: 440 lr: 0.000400 max mem: 9818
RUNTIME: data: 0.5344 (0.9008) time: 69.5390 (69.2987)
LOSSES: loss: 2.3987 (2.4742) loss_aux: 0.0310 (0.0327) loss_dis: 0.4822 (0.4726) loss_jloc: 0.0749 (0.0798) loss_joff: 0.5260 (0.5186) loss_line_af: 0.0000 (0.0000) loss_line_df: 0.0000 (0.0000) loss_lineness: 0.0350 (0.0476) loss_md: 0.2625 (0.2657) loss_neg: 0.3454 (0.3609) loss_pos: 0.1908 (0.2781) loss_res: 0.2474 (0.2485)
AUXINFO: recall_adjust-05: 0.0030 (0.0202) recall_adjust-10: 0.0129 (0.0371) recall_adjust-15: 0.0236 (0.0524) recall_hafm-05: 0.1694 (0.1843) recall_hafm-10: 0.2537 (0.2890) recall_hafm-15: 0.2942 (0.3491)
WorkingDIR: output/experiments\enhanced_plnet_crossattn\260310-011922

2026-03-10 10:11:54,349 hawp.trainer INFO: eta: 133 days, 7:35:24 epoch: 1 iter: 460 lr: 0.000400 max mem: 9818
RUNTIME: data: 0.5268 (0.8853) time: 69.4295 (69.2973)
LOSSES: loss: 2.1196 (2.4588) loss_aux: 0.0297 (0.0326) loss_dis: 0.4813 (0.4731) loss_jloc: 0.0673 (0.0793) loss_joff: 0.5106 (0.5184) loss_line_af: 0.0000 (0.0000) loss_line_df: 0.0000 (0.0000) loss_lineness: 0.0321 (0.0470) loss_md: 0.2590 (0.2654) loss_neg: 0.1789 (0.3555) loss_pos: 0.1152 (0.2727) loss_res: 0.2482 (0.2485)
AUXINFO: recall_adjust-05: 0.0035 (0.0195) recall_adjust-10: 0.0109 (0.0360) recall_adjust-15: 0.0180 (0.0510) recall_hafm-05: 0.1489 (0.1831) recall_hafm-10: 0.2327 (0.2871) recall_hafm-15: 0.2851 (0.3467)
WorkingDIR: output/experiments\enhanced_plnet_crossattn\260310-011922

2026-03-10 10:34:59,201 hawp.trainer INFO: eta: 133 days, 7:06:01 epoch: 1 iter: 480 lr: 0.000400 max mem: 9818
RUNTIME: data: 0.5230 (0.8705) time: 69.3233 (69.2950)
LOSSES: loss: 2.2177 (2.4472) loss_aux: 0.0294 (0.0325) loss_dis: 0.4823 (0.4735) loss_jloc: 0.0745 (0.0791) loss_joff: 0.5128 (0.5182) loss_line_af: 0.0000 (0.0000) loss_line_df: 0.0000 (0.0000) loss_lineness: 0.0339 (0.0464) loss_md: 0.2617 (0.2653) loss_neg: 0.2275 (0.3516) loss_pos: 0.1335 (0.2673) loss_res: 0.2492 (0.2486)
AUXINFO: recall_adjust-05: 0.0036 (0.0189) recall_adjust-10: 0.0091 (0.0349) recall_adjust-15: 0.0189 (0.0497) recall_hafm-05: 0.1283 (0.1808) recall_hafm-10: 0.2403 (0.2844) recall_hafm-15: 0.2911 (0.3442)
WorkingDIR: output/experiments\enhanced_plnet_crossattn\260310-011922

2026-03-10 10:58:03,630 hawp.trainer INFO: eta: 133 days, 6:34:47 epoch: 1 iter: 500 lr: 0.000400 max mem: 9818
RUNTIME: data: 0.5379 (0.8575) time: 69.3296 (69.2921)
LOSSES: loss: 2.0608 (2.4322) loss_aux: 0.0299 (0.0325) loss_dis: 0.4816 (0.4738) loss_jloc: 0.0742 (0.0789) loss_joff: 0.5206 (0.5183) loss_line_af: 0.0000 (0.0000) loss_line_df: 0.0000 (0.0000) loss_lineness: 0.0364 (0.0462) loss_md: 0.2621 (0.2652) loss_neg: 0.1481 (0.3439) loss_pos: 0.1232 (0.2614) loss_res: 0.2473 (0.2486)
AUXINFO: recall_adjust-05: 0.0026 (0.0183) recall_adjust-10: 0.0102 (0.0340) recall_adjust-15: 0.0173 (0.0485) recall_hafm-05: 0.1538 (0.1802) recall_hafm-10: 0.2395 (0.2831) recall_hafm-15: 0.3027 (0.3428)
WorkingDIR: output/experiments\enhanced_plnet_crossattn\260310-011922

2026-03-10 11:21:10,977 hawp.trainer INFO: eta: 133 days, 6:19:41 epoch: 1 iter: 520 lr: 0.000400 max mem: 9818
RUNTIME: data: 0.5193 (0.8449) time: 69.3688 (69.2950)
LOSSES: loss: 2.1742 (2.4244) loss_aux: 0.0305 (0.0324) loss_dis: 0.4818 (0.4741) loss_jloc: 0.0716 (0.0787) loss_joff: 0.5298 (0.5189) loss_line_af: 0.0000 (0.0000) loss_line_df: 0.0000 (0.0000) loss_lineness: 0.0365 (0.0459) loss_md: 0.2579 (0.2649) loss_neg: 0.1715 (0.3423) loss_pos: 0.1105 (0.2573) loss_res: 0.2491 (0.2486)
AUXINFO: recall_adjust-05: 0.0029 (0.0177) recall_adjust-10: 0.0115 (0.0332) recall_adjust-15: 0.0195 (0.0475) recall_hafm-05: 0.1597 (0.1797) recall_hafm-10: 0.2454 (0.2821) recall_hafm-15: 0.3047 (0.3414)
WorkingDIR: output/experiments\enhanced_plnet_crossattn\260310-011922

2026-03-10 11:44:22,822 hawp.trainer INFO: eta: 133 days, 6:27:01 epoch: 1 iter: 540 lr: 0.000400 max mem: 9818
RUNTIME: data: 0.5424 (0.8341) time: 69.5476 (69.3060)
LOSSES: loss: 2.0988 (2.4126) loss_aux: 0.0282 (0.0323) loss_dis: 0.4825 (0.4744) loss_jloc: 0.0679 (0.0784) loss_joff: 0.5300 (0.5193) loss_line_af: 0.0000 (0.0000) loss_line_df: 0.0000 (0.0000) loss_lineness: 0.0352 (0.0455) loss_md: 0.2597 (0.2648) loss_neg: 0.1771 (0.3378) loss_pos: 0.1117 (0.2525) loss_res: 0.2471 (0.2486)
AUXINFO: recall_adjust-05: 0.0035 (0.0173) recall_adjust-10: 0.0123 (0.0324) recall_adjust-15: 0.0212 (0.0466) recall_hafm-05: 0.1684 (0.1793) recall_hafm-10: 0.2563 (0.2807) recall_hafm-15: 0.2958 (0.3396)
WorkingDIR: output/experiments\enhanced_plnet_crossattn\260310-011922

2026-03-10 12:07:39,656 hawp.trainer INFO: eta: 133 days, 6:56:48 epoch: 1 iter: 560 lr: 0.000400 max mem: 9818
RUNTIME: data: 0.5342 (0.8242) time: 69.8224 (69.3251)
LOSSES: loss: 2.0975 (2.4028) loss_aux: 0.0305 (0.0323) loss_dis: 0.4842 (0.4748) loss_jloc: 0.0724 (0.0781) loss_joff: 0.5273 (0.5196) loss_line_af: 0.0000 (0.0000) loss_line_df: 0.0000 (0.0000) loss_lineness: 0.0375 (0.0454) loss_md: 0.2637 (0.2647) loss_neg: 0.1716 (0.3340) loss_pos: 0.1108 (0.2484) loss_res: 0.2491 (0.2486)
AUXINFO: recall_adjust-05: 0.0048 (0.0168) recall_adjust-10: 0.0109 (0.0318) recall_adjust-15: 0.0201 (0.0458) recall_hafm-05: 0.1822 (0.1792) recall_hafm-10: 0.2744 (0.2803) recall_hafm-15: 0.3184 (0.3388)
WorkingDIR: output/experiments\enhanced_plnet_crossattn\260310-011922

2026-03-10 12:30:44,372 hawp.trainer INFO: eta: 133 days, 6:25:11 epoch: 1 iter: 580 lr: 0.000400 max mem: 9818
RUNTIME: data: 0.5483 (0.8150) time: 69.2633 (69.3220)
LOSSES: loss: 2.1877 (2.3960) loss_aux: 0.0326 (0.0323) loss_dis: 0.4840 (0.4751) loss_jloc: 0.0732 (0.0779) loss_joff: 0.5255 (0.5199) loss_line_af: 0.0000 (0.0000) loss_line_df: 0.0000 (0.0000) loss_lineness: 0.0407 (0.0452) loss_md: 0.2619 (0.2646) loss_neg: 0.2462 (0.3309) loss_pos: 0.1599 (0.2460) loss_res: 0.2478 (0.2486)
AUXINFO: recall_adjust-05: 0.0046 (0.0164) recall_adjust-10: 0.0116 (0.0311) recall_adjust-15: 0.0201 (0.0449) recall_hafm-05: 0.1702 (0.1790) recall_hafm-10: 0.2531 (0.2795) recall_hafm-15: 0.3011 (0.3377)
WorkingDIR: output/experiments\enhanced_plnet_crossattn\260310-011922

2026-03-10 12:53:53,784 hawp.trainer INFO: eta: 133 days, 6:15:46 epoch: 1 iter: 600 lr: 0.000400 max mem: 9818
RUNTIME: data: 0.5435 (0.8062) time: 69.4147 (69.3269)
LOSSES: loss: 1.8941 (2.3822) loss_aux: 0.0288 (0.0322) loss_dis: 0.4847 (0.4754) loss_jloc: 0.0688 (0.0777) loss_joff: 0.5399 (0.5205) loss_line_af: 0.0000 (0.0000) loss_line_df: 0.0000 (0.0000) loss_lineness: 0.0375 (0.0450) loss_md: 0.2616 (0.2645) loss_neg: 0.1165 (0.3246) loss_pos: 0.0817 (0.2405) loss_res: 0.2480 (0.2485)
AUXINFO: recall_adjust-05: 0.0046 (0.0160) recall_adjust-10: 0.0102 (0.0304) recall_adjust-15: 0.0158 (0.0440) recall_hafm-05: 0.1714 (0.1790) recall_hafm-10: 0.2713 (0.2792) recall_hafm-15: 0.3235 (0.3371)
WorkingDIR: output/experiments\enhanced_plnet_crossattn\260310-011922

2026-03-10 13:17:01,356 hawp.trainer INFO: eta: 133 days, 5:57:15 epoch: 1 iter: 620 lr: 0.000400 max mem: 9818
RUNTIME: data: 0.5379 (0.7979) time: 69.4005 (69.3286)
LOSSES: loss: 2.1847 (2.3754) loss_aux: 0.0299 (0.0322) loss_dis: 0.4825 (0.4756) loss_jloc: 0.0711 (0.0775) loss_joff: 0.5346 (0.5211) loss_line_af: 0.0000 (0.0000) loss_line_df: 0.0000 (0.0000) loss_lineness: 0.0416 (0.0449) loss_md: 0.2623 (0.2645) loss_neg: 0.2224 (0.3219) loss_pos: 0.1267 (0.2377) loss_res: 0.2479 (0.2485)
AUXINFO: recall_adjust-05: 0.0043 (0.0157) recall_adjust-10: 0.0130 (0.0300) recall_adjust-15: 0.0246 (0.0435) recall_hafm-05: 0.1829 (0.1791) recall_hafm-10: 0.2786 (0.2793) recall_hafm-15: 0.3360 (0.3371)
WorkingDIR: output/experiments\enhanced_plnet_crossattn\260310-011922

2026-03-10 13:40:10,913 hawp.trainer INFO: eta: 133 days, 5:47:02 epoch: 1 iter: 640 lr: 0.000400 max mem: 9818
RUNTIME: data: 0.5638 (0.7904) time: 69.4889 (69.3332)
LOSSES: loss: 2.1841 (2.3718) loss_aux: 0.0297 (0.0322) loss_dis: 0.4802 (0.4758) loss_jloc: 0.0757 (0.0775) loss_joff: 0.5378 (0.5217) loss_line_af: 0.0000 (0.0000) loss_line_df: 0.0000 (0.0000) loss_lineness: 0.0380 (0.0448) loss_md: 0.2589 (0.2644) loss_neg: 0.1797 (0.3201) loss_pos: 0.1389 (0.2356) loss_res: 0.2491 (0.2485)
AUXINFO: recall_adjust-05: 0.0057 (0.0154) recall_adjust-10: 0.0152 (0.0296) recall_adjust-15: 0.0271 (0.0431) recall_hafm-05: 0.1631 (0.1787) recall_hafm-10: 0.2455 (0.2787) recall_hafm-15: 0.3141 (0.3363)
WorkingDIR: output/experiments\enhanced_plnet_crossattn\260310-011922

2026-03-10 14:03:32,034 hawp.trainer INFO: eta: 133 days, 6:24:26 epoch: 1 iter: 660 lr: 0.000400 max mem: 9818
RUNTIME: data: 0.5445 (0.7833) time: 70.0104 (69.3551)
LOSSES: loss: 2.0896 (2.3640) loss_aux: 0.0296 (0.0321) loss_dis: 0.4824 (0.4760) loss_jloc: 0.0753 (0.0773) loss_joff: 0.5313 (0.5221) loss_line_af: 0.0000 (0.0000) loss_line_df: 0.0000 (0.0000) loss_lineness: 0.0335 (0.0446) loss_md: 0.2597 (0.2643) loss_neg: 0.1945 (0.3169) loss_pos: 0.1296 (0.2326) loss_res: 0.2488 (0.2485)
AUXINFO: recall_adjust-05: 0.0030 (0.0151) recall_adjust-10: 0.0129 (0.0291) recall_adjust-15: 0.0157 (0.0425) recall_hafm-05: 0.1574 (0.1783) recall_hafm-10: 0.2334 (0.2779) recall_hafm-15: 0.2900 (0.3353)
WorkingDIR: output/experiments\enhanced_plnet_crossattn\260310-011922

2026-03-10 14:28:56,081 hawp.trainer INFO: eta: 133 days, 15:17:41 epoch: 1 iter: 680 lr: 0.000400 max mem: 9818
RUNTIME: data: 0.5200 (0.7761) time: 79.4318 (69.5562)
LOSSES: loss: 2.1660 (2.3583) loss_aux: 0.0317 (0.0321) loss_dis: 0.4831 (0.4762) loss_jloc: 0.0731 (0.0772) loss_joff: 0.5514 (0.5230) loss_line_af: 0.0000 (0.0000) loss_line_df: 0.0000 (0.0000) loss_lineness: 0.0397 (0.0444) loss_md: 0.2636 (0.2643) loss_neg: 0.1954 (0.3142) loss_pos: 0.1312 (0.2305) loss_res: 0.2473 (0.2485)
AUXINFO: recall_adjust-05: 0.0069 (0.0149) recall_adjust-10: 0.0138 (0.0287) recall_adjust-15: 0.0252 (0.0420) recall_hafm-05: 0.1796 (0.1781) recall_hafm-10: 0.2779 (0.2776) recall_hafm-15: 0.3319 (0.3349)
WorkingDIR: output/experiments\enhanced_plnet_crossattn\260310-011922

2026-03-10 14:55:39,819 hawp.trainer INFO: eta: 134 days, 4:53:31 epoch: 1 iter: 700 lr: 0.000400 max mem: 9818
RUNTIME: data: 0.5472 (0.7700) time: 80.3493 (69.8595)
LOSSES: loss: 2.0949 (2.3501) loss_aux: 0.0282 (0.0321) loss_dis: 0.4831 (0.4764) loss_jloc: 0.0690 (0.0769) loss_joff: 0.5253 (0.5231) loss_line_af: 0.0000 (0.0000) loss_line_df: 0.0000 (0.0000) loss_lineness: 0.0347 (0.0441) loss_md: 0.2632 (0.2642) loss_neg: 0.1875 (0.3114) loss_pos: 0.0921 (0.2271) loss_res: 0.2486 (0.2485)
AUXINFO: recall_adjust-05: 0.0028 (0.0145) recall_adjust-10: 0.0071 (0.0282) recall_adjust-15: 0.0162 (0.0414) recall_hafm-05: 0.1383 (0.1773) recall_hafm-10: 0.2385 (0.2766) recall_hafm-15: 0.2992 (0.3338)
WorkingDIR: output/experiments\enhanced_plnet_crossattn\260310-011922

2026-03-10 15:22:35,962 hawp.trainer INFO: eta: 134 days, 18:30:12 epoch: 1 iter: 720 lr: 0.000400 max mem: 9818
RUNTIME: data: 0.5555 (0.7644) time: 80.5624 (70.1632)
LOSSES: loss: 2.1404 (2.3450) loss_aux: 0.0302 (0.0321) loss_dis: 0.4811 (0.4766) loss_jloc: 0.0709 (0.0768) loss_joff: 0.5338 (0.5235) loss_line_af: 0.0000 (0.0000) loss_line_df: 0.0000 (0.0000) loss_lineness: 0.0333 (0.0439) loss_md: 0.2598 (0.2641) loss_neg: 0.1845 (0.3089) loss_pos: 0.1232 (0.2254) loss_res: 0.2492 (0.2485)
AUXINFO: recall_adjust-05: 0.0047 (0.0143) recall_adjust-10: 0.0088 (0.0277) recall_adjust-15: 0.0193 (0.0408) recall_hafm-05: 0.1548 (0.1771) recall_hafm-10: 0.2378 (0.2761) recall_hafm-15: 0.2983 (0.3330)
WorkingDIR: output/experiments\enhanced_plnet_crossattn\260310-011922

2026-03-10 15:49:12,943 hawp.trainer INFO: eta: 135 days, 6:09:50 epoch: 1 iter: 740 lr: 0.000400 max mem: 9818
RUNTIME: data: 0.5429 (0.7586) time: 80.0219 (70.4246)
LOSSES: loss: 2.1313 (2.3418) loss_aux: 0.0302 (0.0320) loss_dis: 0.4852 (0.4768) loss_jloc: 0.0681 (0.0766) loss_joff: 0.5649 (0.5247) loss_line_af: 0.0000 (0.0000) loss_line_df: 0.0000 (0.0000) loss_lineness: 0.0328 (0.0437) loss_md: 0.2608 (0.2641) loss_neg: 0.2286 (0.3087) loss_pos: 0.1362 (0.2237) loss_res: 0.2512 (0.2486)
AUXINFO: recall_adjust-05: 0.0038 (0.0140) recall_adjust-10: 0.0115 (0.0273) recall_adjust-15: 0.0205 (0.0403) recall_hafm-05: 0.1572 (0.1767) recall_hafm-10: 0.2467 (0.2754) recall_hafm-15: 0.3001 (0.3321)
WorkingDIR: output/experiments\enhanced_plnet_crossattn\260310-011922

2026-03-10 16:15:48,425 hawp.trainer INFO: eta: 135 days, 17:05:50 epoch: 1 iter: 760 lr: 0.000400 max mem: 9818
RUNTIME: data: 0.5217 (0.7528) time: 79.7204 (70.6703)
LOSSES: loss: 2.2333 (2.3386) loss_aux: 0.0336 (0.0321) loss_dis: 0.4851 (0.4770) loss_jloc: 0.0801 (0.0767) loss_joff: 0.5626 (0.5257) loss_line_af: 0.0000 (0.0000) loss_line_df: 0.0000 (0.0000) loss_lineness: 0.0434 (0.0437) loss_md: 0.2636 (0.2641) loss_neg: 0.2299 (0.3067) loss_pos: 0.1337 (0.2216) loss_res: 0.2489 (0.2486)
AUXINFO: recall_adjust-05: 0.0040 (0.0138) recall_adjust-10: 0.0134 (0.0269) recall_adjust-15: 0.0195 (0.0399) recall_hafm-05: 0.1954 (0.1772) recall_hafm-10: 0.2825 (0.2754) recall_hafm-15: 0.3216 (0.3318)
WorkingDIR: output/experiments\enhanced_plnet_crossattn\260310-011922

2026-03-10 16:42:35,957 hawp.trainer INFO: eta: 136 days, 4:09:33 epoch: 1 iter: 780 lr: 0.000400 max mem: 9818
RUNTIME: data: 0.5560 (0.7477) time: 80.1586 (70.9189)
LOSSES: loss: 2.1173 (2.3334) loss_aux: 0.0340 (0.0321) loss_dis: 0.4845 (0.4772) loss_jloc: 0.0702 (0.0766) loss_joff: 0.5685 (0.5267) loss_line_af: 0.0000 (0.0000) loss_line_df: 0.0000 (0.0000) loss_lineness: 0.0422 (0.0437) loss_md: 0.2667 (0.2642) loss_neg: 0.1759 (0.3037) loss_pos: 0.0953 (0.2192) loss_res: 0.2507 (0.2487)
AUXINFO: recall_adjust-05: 0.0035 (0.0135) recall_adjust-10: 0.0115 (0.0266) recall_adjust-15: 0.0224 (0.0394) recall_hafm-05: 0.1890 (0.1777) recall_hafm-10: 0.2805 (0.2756) recall_hafm-15: 0.3222 (0.3317)
WorkingDIR: output/experiments\enhanced_plnet_crossattn\260310-011922

2026-03-10 17:09:13,771 hawp.trainer INFO: eta: 136 days, 14:05:14 epoch: 1 iter: 800 lr: 0.000400 max mem: 9818
RUNTIME: data: 0.5423 (0.7427) time: 79.8988 (71.1429)
LOSSES: loss: 1.9826 (2.3255) loss_aux: 0.0284 (0.0321) loss_dis: 0.4857 (0.4774) loss_jloc: 0.0705 (0.0765) loss_joff: 0.5669 (0.5278) loss_line_af: 0.0000 (0.0000) loss_line_df: 0.0000 (0.0000) loss_lineness: 0.0402 (0.0436) loss_md: 0.2632 (0.2642) loss_neg: 0.1016 (0.2992) loss_pos: 0.0747 (0.2163) loss_res: 0.2512 (0.2488)
AUXINFO: recall_adjust-05: 0.0039 (0.0133) recall_adjust-10: 0.0128 (0.0262) recall_adjust-15: 0.0214 (0.0390) recall_hafm-05: 0.1941 (0.1781) recall_hafm-10: 0.2890 (0.2757) recall_hafm-15: 0.3243 (0.3315)
WorkingDIR: output/experiments\enhanced_plnet_crossattn\260310-011922

2026-03-10 17:35:50,597 hawp.trainer INFO: eta: 136 days, 23:27:16 epoch: 1 iter: 820 lr: 0.000400 max mem: 9818
RUNTIME: data: 0.5385 (0.7377) time: 79.8999 (71.3548)
LOSSES: loss: 2.0657 (2.3203) loss_aux: 0.0307 (0.0321) loss_dis: 0.4843 (0.4776) loss_jloc: 0.0761 (0.0765) loss_joff: 0.5602 (0.5286) loss_line_af: 0.0000 (0.0000) loss_line_df: 0.0000 (0.0000) loss_lineness: 0.0394 (0.0435) loss_md: 0.2638 (0.2642) loss_neg: 0.0951 (0.2955) loss_pos: 0.0934 (0.2143) loss_res: 0.2531 (0.2489)
AUXINFO: recall_adjust-05: 0.0043 (0.0131) recall_adjust-10: 0.0136 (0.0259) recall_adjust-15: 0.0231 (0.0386) recall_hafm-05: 0.1973 (0.1785) recall_hafm-10: 0.2909 (0.2762) recall_hafm-15: 0.3296 (0.3318)
WorkingDIR: output/experiments\enhanced_plnet_crossattn\260310-011922

2026-03-10 18:02:13,799 hawp.trainer INFO: eta: 137 days, 7:36:32 epoch: 1 iter: 840 lr: 0.000400 max mem: 9818
RUNTIME: data: 0.5207 (0.7328) time: 79.0609 (71.5404)
LOSSES: loss: 2.2848 (2.3197) loss_aux: 0.0318 (0.0321) loss_dis: 0.4851 (0.4778) loss_jloc: 0.0758 (0.0765) loss_joff: 0.5712 (0.5296) loss_line_af: 0.0000 (0.0000) loss_line_df: 0.0000 (0.0000) loss_lineness: 0.0406 (0.0434) loss_md: 0.2645 (0.2642) loss_neg: 0.2521 (0.2954) loss_pos: 0.1470 (0.2134) loss_res: 0.2510 (0.2490)
AUXINFO: recall_adjust-05: 0.0048 (0.0129) recall_adjust-10: 0.0096 (0.0256) recall_adjust-15: 0.0231 (0.0383) recall_hafm-05: 0.1761 (0.1786) recall_hafm-10: 0.2686 (0.2761) recall_hafm-15: 0.3272 (0.3316)
WorkingDIR: output/experiments\enhanced_plnet_crossattn\260310-011922

2026-03-10 18:28:41,969 hawp.trainer INFO: eta: 137 days, 15:37:47 epoch: 1 iter: 860 lr: 0.000400 max mem: 9818
RUNTIME: data: 0.5287 (0.7283) time: 79.0275 (71.7232)
LOSSES: loss: 2.1268 (2.3153) loss_aux: 0.0295 (0.0320) loss_dis: 0.4837 (0.4779) loss_jloc: 0.0720 (0.0764) loss_joff: 0.5580 (0.5303) loss_line_af: 0.0000 (0.0000) loss_line_df: 0.0000 (0.0000) loss_lineness: 0.0331 (0.0432) loss_md: 0.2631 (0.2642) loss_neg: 0.1566 (0.2927) loss_pos: 0.1482 (0.2124) loss_res: 0.2497 (0.2490)
AUXINFO: recall_adjust-05: 0.0066 (0.0127) recall_adjust-10: 0.0172 (0.0255) recall_adjust-15: 0.0285 (0.0381) recall_hafm-05: 0.1547 (0.1783) recall_hafm-10: 0.2497 (0.2756) recall_hafm-15: 0.2999 (0.3309)
WorkingDIR: output/experiments\enhanced_plnet_crossattn\260310-011922

