2026-03-11 01:13:16,408 hawp INFO: Namespace(config='configs/enhanced_plnet_crossattn.yaml', logdir='output/experiments', resume=None, clean=False, seed=42, tf32=False, dtm=True, amp=False)
2026-03-11 01:13:16,409 hawp INFO: Loaded configuration file configs/enhanced_plnet_crossattn.yaml
2026-03-11 01:13:16,410 hawp INFO: 
DATALOADER:
  NUM_WORKERS: 2
DATASETS:
  DISTANCE_TH: 0.02
  IMAGE:
    HEIGHT: 512
    PIXEL_MEAN:
    - 109.73
    - 103.832
    - 98.681
    PIXEL_STD:
    - 22.275
    - 22.124
    - 23.229
    TO_255: true
    WIDTH: 512
  NUM_STATIC_NEGATIVE_LINES: 40
  NUM_STATIC_POSITIVE_LINES: 300
  AUGMENTATION: 5
  TARGET:
    HEIGHT: 128
    WIDTH: 128
  TEST:
  - wireframe_test
  TRAIN:
  - wireframe_train
  VAL:
  - wireframe_test
ENCODER:
  ANG_TH: 0.0
  BACKGROUND_WEIGHT: 0.0
  DIS_TH: 2
  NUM_STATIC_NEG_LINES: 0
  NUM_STATIC_POS_LINES: 300
MODEL:
  DEVICE: cuda
  FOCAL_LOSS:
    ALPHA: -1.0
    GAMMA: 0.0
  HEAD_SIZE:
  - - 3
  - - 1
  - - 1
  - - 2
  - - 2
  HGNETS:
    DEPTH: 4
    INPLANES: 64
    NUM_BLOCKS: 2
    NUM_FEATS: 128
    NUM_STACKS: 2
  ENHANCEMENTS:
    USE_BIFPN: false
    BIFPN_CHANNELS: 128
    BIFPN_REPEATS: 2
    USE_DCN: false
    DCN_BOTTLENECK_ONLY: true
    USE_CROSS_ATTENTION: true
    CROSS_ATTN_HEADS: 4
    CROSS_ATTN_DIM: 256
    CROSS_ATTN_DROPOUT: 0.1
    CROSS_ATTN_SPATIAL_REDUCTION: 4
    USE_LINE_FIELD: false
    LINE_FIELD_HIDDEN: 128
    UNFREEZE_BACKBONE: false
    GRAD_CHECKPOINT: true
    AMP: true
  LOI_POOLING:
    ACTIVATION: relu
    DIM_EDGE_FEATURE: 4
    DIM_FC: 128
    DIM_JUNCTION_FEATURE: 128
    LAYER_NORM: false
    NUM_POINTS: 32
    TYPE: softmax
  LOSS_WEIGHTS:
    loss_aux: 1.0
    loss_dis: 1.0
    loss_jloc: 8.0
    loss_joff: 0.25
    loss_res: 1.0
    loss_md: 1.0
    loss_lineness: 1.0
    loss_neg: 1.0
    loss_pos: 1.0
  NAME: EnhancedPointLine
  OUT_FEATURE_CHANNELS: 256
  PARSING_HEAD:
    DIM_FC: 1024
    DIM_LOI: 128
    J2L_THRESHOLD: 10.0
    JMATCH_THRESHOLD: 1.5
    JUNCTION_HM_THRESHOLD: 0.008
    MATCHING_STRATEGY: junction
    MAX_DISTANCE: 5.0
    N_DYN_JUNC: 300
    N_DYN_NEGL: 40
    N_DYN_OTHR: 0
    N_DYN_OTHR2: 300
    N_DYN_POSL: 300
    N_OUT_JUNC: 250
    N_OUT_LINE: 2500
    N_PTS0: 32
    N_PTS1: 8
    N_STC_NEGL: 40
    N_STC_POSL: 300
    USE_RESIDUAL: 1
  RESNETS:
    BASENET: resnet50
    PRETRAIN: true
  SCALE: 1.0
  WEIGHTS: ''
MODELING_PATH: ihawp-v2
OUTPUT_DIR: output/ihawp
SOLVER:
  AMSGRAD: true
  BACKBONE_LR_FACTOR: 1.0
  BASE_LR: 0.0004
  BIAS_LR_FACTOR: 1
  CHECKPOINT_PERIOD: 1
  GAMMA: 0.2
  IMS_PER_BATCH: 2
  GRAD_ACCUM_STEPS: 3
  MAX_EPOCH: 40
  MOMENTUM: 0.9
  OPTIMIZER: ADAM
  STEPS:
  - 35
  WEIGHT_DECAY: 0.0001
  WEIGHT_DECAY_BIAS: 0

2026-03-11 01:13:16,416 hawp INFO: Running with config:
DATALOADER:
  NUM_WORKERS: 2
DATASETS:
  AUGMENTATION: 5
  DISTANCE_TH: 0.02
  IMAGE:
    HEIGHT: 512
    PIXEL_MEAN: [109.73, 103.832, 98.681]
    PIXEL_STD: [22.275, 22.124, 23.229]
    TO_255: True
    WIDTH: 512
  NUM_STATIC_NEGATIVE_LINES: 40
  NUM_STATIC_POSITIVE_LINES: 300
  TARGET:
    HEIGHT: 128
    WIDTH: 128
  TEST: ('wireframe_test',)
  TRAIN: ('wireframe_train',)
  VAL: ('wireframe_test',)
ENCODER:
  ANG_TH: 0.0
  BACKGROUND_WEIGHT: 0.0
  DIS_TH: 2
  NUM_STATIC_NEG_LINES: 0
  NUM_STATIC_POS_LINES: 300
MODEL:
  DEVICE: cuda
  ENHANCEMENTS:
    AMP: True
    BIFPN_CHANNELS: 128
    BIFPN_REPEATS: 2
    CROSS_ATTN_DIM: 256
    CROSS_ATTN_DROPOUT: 0.1
    CROSS_ATTN_HEADS: 4
    CROSS_ATTN_SPATIAL_REDUCTION: 4
    DCN_BOTTLENECK_ONLY: True
    GRAD_CHECKPOINT: True
    LINE_FIELD_HIDDEN: 128
    UNFREEZE_BACKBONE: False
    USE_BIFPN: False
    USE_CROSS_ATTENTION: True
    USE_DCN: False
    USE_LINE_FIELD: False
  FOCAL_LOSS:
    ALPHA: -1.0
    GAMMA: 0.0
  HEAD_SIZE: [[3], [1], [1], [2], [2]]
  HGNETS:
    DEPTH: 4
    INPLANES: 64
    NUM_BLOCKS: 2
    NUM_FEATS: 128
    NUM_STACKS: 2
  LOI_POOLING:
    ACTIVATION: relu
    DIM_EDGE_FEATURE: 4
    DIM_FC: 128
    DIM_JUNCTION_FEATURE: 128
    LAYER_NORM: False
    NUM_POINTS: 32
    TYPE: softmax
    USE_INIT_LINES: True
  LOSS_WEIGHTS:
    loss_aux: 1.0
    loss_dis: 1.0
    loss_jloc: 8.0
    loss_joff: 0.25
    loss_lineness: 1.0
    loss_md: 1.0
    loss_neg: 1.0
    loss_pos: 1.0
    loss_res: 1.0
  NAME: EnhancedPointLine
  OUT_FEATURE_CHANNELS: 256
  PARSING_HEAD:
    DIM_FC: 1024
    DIM_LOI: 128
    J2L_THRESHOLD: 10.0
    JMATCH_THRESHOLD: 1.5
    JUNCTION_HM_THRESHOLD: 0.008
    MATCHING_STRATEGY: junction
    MAX_DISTANCE: 5.0
    N_DYN_JUNC: 300
    N_DYN_NEGL: 40
    N_DYN_OTHR: 0
    N_DYN_OTHR2: 300
    N_DYN_POSL: 300
    N_OUT_JUNC: 250
    N_OUT_LINE: 2500
    N_PTS0: 32
    N_PTS1: 8
    N_STC_NEGL: 40
    N_STC_POSL: 300
    USE_RESIDUAL: 1
  RESNETS:
    BASENET: resnet50
    PRETRAIN: True
  SCALE: 1.0
  USE_HR_JUNCTION: False
  USE_LINE_HEATMAP: False
  WEIGHTS: 
MODELING_PATH: ihawp-v2
OUTPUT_DIR: output/experiments\enhanced_plnet_crossattn\260311-011316
SOLVER:
  AMSGRAD: True
  BACKBONE_LR_FACTOR: 1.0
  BASE_LR: 0.0004
  BIAS_LR_FACTOR: 1
  CHECKPOINT_PERIOD: 1
  GAMMA: 0.2
  GRAD_ACCUM_STEPS: 3
  IMS_PER_BATCH: 2
  MAX_EPOCH: 40
  MOMENTUM: 0.9
  OPTIMIZER: ADAM
  STEPS: (35,)
  WEIGHT_DECAY: 0.0001
  WEIGHT_DECAY_BIAS: 0
2026-03-11 01:13:16,418 hawp INFO: Saving config into: output/experiments\enhanced_plnet_crossattn\260311-011316\config.yaml
2026-03-11 01:13:25,034 hawp INFO: epoch size = 12500
2026-03-11 01:13:25,178 hawp.trainer INFO: Training runtime options: amp=True grad_accum_steps=3
2026-03-11 01:14:05,365 hawp.trainer INFO: eta: 232 days, 13:59:56 epoch: 1 iter: 0 lr: 0.000400 max mem: 1761
RUNTIME: data: 37.9762 (37.9762) time: 40.1905 (40.1905)
LOSSES: loss: 14.7212 (14.7212) loss_aux: 0.0118 (0.0118) loss_dis: 0.4895 (0.4895) loss_jloc: 1.3555 (1.3555) loss_joff: 0.5110 (0.5110) loss_line_af: 0.0000 (0.0000) loss_line_df: 0.0000 (0.0000) loss_lineness: 0.6208 (0.6208) loss_md: 0.7436 (0.7436) loss_neg: 0.6126 (0.6126) loss_pos: 0.7677 (0.7677) loss_res: 0.5033 (0.5033)
AUXINFO: recall_adjust-05: 0.0000 (0.0000) recall_adjust-10: 0.0000 (0.0000) recall_adjust-15: 0.0122 (0.0122) recall_hafm-05: 0.0535 (0.0535) recall_hafm-10: 0.0910 (0.0910) recall_hafm-15: 0.1436 (0.1436)
WorkingDIR: output/experiments\enhanced_plnet_crossattn\260311-011316

2026-03-11 01:14:21,072 hawp.trainer INFO: eta: 15 days, 9:40:33 epoch: 1 iter: 20 lr: 0.000400 max mem: 1987
RUNTIME: data: 0.0026 (1.8255) time: 0.6109 (2.6618)
LOSSES: loss: 9.2451 (10.1297) loss_aux: 0.0144 (0.0151) loss_dis: 0.4971 (0.5117) loss_jloc: 0.6952 (0.8255) loss_joff: 0.5114 (0.5137) loss_line_af: 0.0000 (0.0000) loss_line_df: 0.0000 (0.0000) loss_lineness: 0.6089 (0.5869) loss_md: 0.5706 (0.5734) loss_neg: 0.6161 (0.6445) loss_pos: 0.6323 (0.6737) loss_res: 0.4063 (0.3923)
AUXINFO: recall_adjust-05: 0.0000 (0.0045) recall_adjust-10: 0.0099 (0.0122) recall_adjust-15: 0.0186 (0.0203) recall_hafm-05: 0.1087 (0.1040) recall_hafm-10: 0.1786 (0.1765) recall_hafm-15: 0.2388 (0.2415)
WorkingDIR: output/experiments\enhanced_plnet_crossattn\260311-011316

2026-03-11 01:14:33,197 hawp.trainer INFO: eta: 9 days, 14:24:35 epoch: 1 iter: 40 lr: 0.000400 max mem: 1987
RUNTIME: data: 0.0026 (0.9364) time: 0.5990 (1.6591)
LOSSES: loss: 3.0626 (6.7648) loss_aux: 0.0395 (0.0275) loss_dis: 0.4754 (0.4943) loss_jloc: 0.0862 (0.4707) loss_joff: 0.5073 (0.5133) loss_line_af: 0.0000 (0.0000) loss_line_df: 0.0000 (0.0000) loss_lineness: 0.2435 (0.4295) loss_md: 0.2673 (0.4267) loss_neg: 0.5210 (0.5889) loss_pos: 0.4778 (0.5740) loss_res: 0.2655 (0.3300)
AUXINFO: recall_adjust-05: 0.0000 (0.0034) recall_adjust-10: 0.0072 (0.0096) recall_adjust-15: 0.0116 (0.0172) recall_hafm-05: 0.0357 (0.0721) recall_hafm-10: 0.0625 (0.1290) recall_hafm-15: 0.0908 (0.1800)
WorkingDIR: output/experiments\enhanced_plnet_crossattn\260311-011316

2026-03-11 01:14:45,572 hawp.trainer INFO: eta: 7 days, 15:01:51 epoch: 1 iter: 60 lr: 0.000400 max mem: 1987
RUNTIME: data: 0.0028 (0.6303) time: 0.5912 (1.3180)
LOSSES: loss: 2.8320 (5.4720) loss_aux: 0.0374 (0.0311) loss_dis: 0.4511 (0.4800) loss_jloc: 0.0686 (0.3391) loss_joff: 0.4929 (0.5058) loss_line_af: 0.0000 (0.0000) loss_line_df: 0.0000 (0.0000) loss_lineness: 0.0506 (0.3062) loss_md: 0.2621 (0.3730) loss_neg: 0.4723 (0.5879) loss_pos: 0.4449 (0.5514) loss_res: 0.2469 (0.3033)
AUXINFO: recall_adjust-05: 0.0081 (0.0058) recall_adjust-10: 0.0234 (0.0150) recall_adjust-15: 0.0464 (0.0252) recall_hafm-05: 0.1315 (0.0936) recall_hafm-10: 0.2221 (0.1598) recall_hafm-15: 0.2713 (0.2088)
WorkingDIR: output/experiments\enhanced_plnet_crossattn\260311-011316

2026-03-11 01:14:58,108 hawp.trainer INFO: eta: 6 days, 15:19:31 epoch: 1 iter: 80 lr: 0.000400 max mem: 1987
RUNTIME: data: 0.0027 (0.4754) time: 0.5906 (1.1473)
LOSSES: loss: 2.6905 (4.7703) loss_aux: 0.0349 (0.0327) loss_dis: 0.4332 (0.4682) loss_jloc: 0.0611 (0.2711) loss_joff: 0.4855 (0.5010) loss_line_af: 0.0000 (0.0000) loss_line_df: 0.0000 (0.0000) loss_lineness: 0.0207 (0.2371) loss_md: 0.2510 (0.3432) loss_neg: 0.5391 (0.5788) loss_pos: 0.4649 (0.5295) loss_res: 0.2372 (0.2871)
AUXINFO: recall_adjust-05: 0.0045 (0.0059) recall_adjust-10: 0.0216 (0.0172) recall_adjust-15: 0.0326 (0.0289) recall_hafm-05: 0.0895 (0.0964) recall_hafm-10: 0.1370 (0.1622) recall_hafm-15: 0.1804 (0.2109)
WorkingDIR: output/experiments\enhanced_plnet_crossattn\260311-011316

2026-03-11 01:15:10,255 hawp.trainer INFO: eta: 6 days, 0:28:12 epoch: 1 iter: 100 lr: 0.000400 max mem: 1987
RUNTIME: data: 0.0028 (0.3819) time: 0.5881 (1.0404)
LOSSES: loss: 2.4423 (4.3155) loss_aux: 0.0263 (0.0322) loss_dis: 0.4236 (0.4590) loss_jloc: 0.0559 (0.2287) loss_joff: 0.4898 (0.4979) loss_line_af: 0.0000 (0.0000) loss_line_df: 0.0000 (0.0000) loss_lineness: 0.0262 (0.1970) loss_md: 0.2500 (0.3252) loss_neg: 0.4340 (0.5564) loss_pos: 0.4381 (0.5149) loss_res: 0.2309 (0.2767)
AUXINFO: recall_adjust-05: 0.0114 (0.0071) recall_adjust-10: 0.0396 (0.0210) recall_adjust-15: 0.0588 (0.0348) recall_hafm-05: 0.1042 (0.1021) recall_hafm-10: 0.1740 (0.1700) recall_hafm-15: 0.2447 (0.2194)
WorkingDIR: output/experiments\enhanced_plnet_crossattn\260311-011316

2026-03-11 01:15:22,717 hawp.trainer INFO: eta: 5 days, 14:53:15 epoch: 1 iter: 120 lr: 0.000400 max mem: 1987
RUNTIME: data: 0.0028 (0.3193) time: 0.5893 (0.9714)
LOSSES: loss: 2.4718 (4.0173) loss_aux: 0.0246 (0.0311) loss_dis: 0.4129 (0.4514) loss_jloc: 0.0596 (0.2009) loss_joff: 0.4755 (0.4947) loss_line_af: 0.0000 (0.0000) loss_line_df: 0.0000 (0.0000) loss_lineness: 0.0457 (0.1723) loss_md: 0.2509 (0.3130) loss_neg: 0.4778 (0.5425) loss_pos: 0.4327 (0.5073) loss_res: 0.2286 (0.2687)
AUXINFO: recall_adjust-05: 0.0119 (0.0085) recall_adjust-10: 0.0357 (0.0237) recall_adjust-15: 0.0629 (0.0390) recall_hafm-05: 0.1675 (0.1124) recall_hafm-10: 0.2609 (0.1849) recall_hafm-15: 0.3104 (0.2355)
WorkingDIR: output/experiments\enhanced_plnet_crossattn\260311-011316

2026-03-11 01:15:35,090 hawp.trainer INFO: eta: 5 days, 7:56:02 epoch: 1 iter: 140 lr: 0.000400 max mem: 1987
RUNTIME: data: 0.0028 (0.2744) time: 0.5927 (0.9214)
LOSSES: loss: 2.3228 (3.7903) loss_aux: 0.0269 (0.0308) loss_dis: 0.4110 (0.4458) loss_jloc: 0.0599 (0.1810) loss_joff: 0.4758 (0.4920) loss_line_af: 0.0000 (0.0000) loss_line_df: 0.0000 (0.0000) loss_lineness: 0.0311 (0.1521) loss_md: 0.2427 (0.3033) loss_neg: 0.4290 (0.5278) loss_pos: 0.3827 (0.4964) loss_res: 0.2294 (0.2629)
AUXINFO: recall_adjust-05: 0.0135 (0.0095) recall_adjust-10: 0.0399 (0.0261) recall_adjust-15: 0.0629 (0.0428) recall_hafm-05: 0.1345 (0.1159) recall_hafm-10: 0.2224 (0.1915) recall_hafm-15: 0.2962 (0.2435)
WorkingDIR: output/experiments\enhanced_plnet_crossattn\260311-011316

2026-03-11 01:15:47,563 hawp.trainer INFO: eta: 5 days, 2:47:39 epoch: 1 iter: 160 lr: 0.000400 max mem: 1987
RUNTIME: data: 0.0032 (0.2407) time: 0.6047 (0.8844)
LOSSES: loss: 2.2730 (3.5986) loss_aux: 0.0277 (0.0307) loss_dis: 0.4137 (0.4417) loss_jloc: 0.0564 (0.1656) loss_joff: 0.4703 (0.4892) loss_line_af: 0.0000 (0.0000) loss_line_df: 0.0000 (0.0000) loss_lineness: 0.0301 (0.1369) loss_md: 0.2428 (0.2956) loss_neg: 0.3670 (0.5093) loss_pos: 0.3354 (0.4788) loss_res: 0.2296 (0.2587)
AUXINFO: recall_adjust-05: 0.0274 (0.0121) recall_adjust-10: 0.0587 (0.0308) recall_adjust-15: 0.0942 (0.0492) recall_hafm-05: 0.1564 (0.1201) recall_hafm-10: 0.2564 (0.2005) recall_hafm-15: 0.3341 (0.2560)
WorkingDIR: output/experiments\enhanced_plnet_crossattn\260311-011316

2026-03-11 01:16:00,676 hawp.trainer INFO: eta: 4 days, 23:16:46 epoch: 1 iter: 180 lr: 0.000400 max mem: 1987
RUNTIME: data: 0.0034 (0.2146) time: 0.6026 (0.8591)
LOSSES: loss: 2.1367 (3.4380) loss_aux: 0.0224 (0.0299) loss_dis: 0.4058 (0.4378) loss_jloc: 0.0538 (0.1534) loss_joff: 0.4674 (0.4866) loss_line_af: 0.0000 (0.0000) loss_line_df: 0.0000 (0.0000) loss_lineness: 0.0328 (0.1257) loss_md: 0.2437 (0.2898) loss_neg: 0.3103 (0.4883) loss_pos: 0.3299 (0.4629) loss_res: 0.2272 (0.2551)
AUXINFO: recall_adjust-05: 0.0466 (0.0153) recall_adjust-10: 0.0865 (0.0370) recall_adjust-15: 0.1399 (0.0579) recall_hafm-05: 0.2076 (0.1287) recall_hafm-10: 0.3284 (0.2140) recall_hafm-15: 0.4105 (0.2725)
WorkingDIR: output/experiments\enhanced_plnet_crossattn\260311-011316

